0 info it worked if it ends with ok
1 verbose cli [ 'node', '/usr/local/bin/npm', 'install', '-g', 'ionic' ]
2 info using npm@2.11.2
3 info using node@v0.12.0
4 verbose install initial load of /usr/local/lib/package.json
5 verbose readDependencies loading dependencies from /usr/local/lib/package.json
6 silly cache add args [ 'ionic', null ]
7 verbose cache add spec ionic
8 silly cache add parsed spec { raw: 'ionic',
8 silly cache add   scope: null,
8 silly cache add   name: 'ionic',
8 silly cache add   rawSpec: '',
8 silly cache add   spec: '*',
8 silly cache add   type: 'range' }
9 silly addNamed ionic@*
10 verbose addNamed "*" is a valid semver range for ionic
11 silly addNameRange { name: 'ionic', range: '*', hasData: false }
12 silly mapToRegistry name ionic
13 silly mapToRegistry using default registry
14 silly mapToRegistry registry https://registry.npmjs.org/
15 silly mapToRegistry uri https://registry.npmjs.org/ionic
16 verbose addNameRange registry:https://registry.npmjs.org/ionic not in flight; fetching
17 verbose request uri https://registry.npmjs.org/ionic
18 verbose request no auth needed
19 info attempt registry request try #1 at 10:43:28 PM
20 verbose request id 7276b4ed12dad589
21 verbose etag "7RRHBPCPCSZABQ5PORKXJ1NTT"
22 http request GET https://registry.npmjs.org/ionic
23 http 200 https://registry.npmjs.org/ionic
24 silly get cb [ 200,
24 silly get   { server: 'nginx/1.10.1',
24 silly get     'content-type': 'application/json',
24 silly get     'last-modified': 'Thu, 07 Sep 2017 20:27:36 GMT',
24 silly get     etag: 'W/"59b1abb8-1b06ec"',
24 silly get     'content-encoding': 'gzip',
24 silly get     'cache-control': 'max-age=300',
24 silly get     'content-length': '84271',
24 silly get     'accept-ranges': 'bytes',
24 silly get     date: 'Sat, 09 Sep 2017 02:43:28 GMT',
24 silly get     via: '1.1 varnish',
24 silly get     age: '140',
24 silly get     connection: 'keep-alive',
24 silly get     'x-served-by': 'cache-dca17735-DCA',
24 silly get     'x-cache': 'HIT',
24 silly get     'x-cache-hits': '1',
24 silly get     'x-timer': 'S1504925008.269627,VS0,VE1',
24 silly get     vary: 'Accept-Encoding, Accept' } ]
25 verbose get saving ionic to /Users/vkerk141/.npm/registry.npmjs.org/ionic/.cache.json
26 silly addNameRange number 2 { name: 'ionic', range: '*', hasData: true }
27 silly addNameRange versions [ 'ionic',
27 silly addNameRange   [ '0.9.6',
27 silly addNameRange     '0.9.8',
27 silly addNameRange     '0.9.9',
27 silly addNameRange     '0.9.10',
27 silly addNameRange     '0.9.11',
27 silly addNameRange     '0.9.12',
27 silly addNameRange     '0.9.13',
27 silly addNameRange     '0.9.14',
27 silly addNameRange     '0.9.15',
27 silly addNameRange     '0.9.16',
27 silly addNameRange     '1.0.0-beta.1',
27 silly addNameRange     '1.0.0-beta',
27 silly addNameRange     '1.0.1-beta',
27 silly addNameRange     '1.0.3-beta',
27 silly addNameRange     '1.0.4',
27 silly addNameRange     '1.0.5',
27 silly addNameRange     '1.0.6',
27 silly addNameRange     '1.0.7',
27 silly addNameRange     '1.0.8',
27 silly addNameRange     '1.0.9',
27 silly addNameRange     '1.0.10',
27 silly addNameRange     '1.0.11',
27 silly addNameRange     '1.0.12',
27 silly addNameRange     '1.0.13',
27 silly addNameRange     '1.0.14',
27 silly addNameRange     '1.0.15',
27 silly addNameRange     '1.0.16',
27 silly addNameRange     '1.0.17',
27 silly addNameRange     '1.1.0-beta1',
27 silly addNameRange     '1.1.0-beta2',
27 silly addNameRange     '1.1.0-beta3',
27 silly addNameRange     '1.1.0-beta4',
27 silly addNameRange     '1.1.0-beta5',
27 silly addNameRange     '1.1.0-beta6',
27 silly addNameRange     '1.1.0',
27 silly addNameRange     '1.1.1-beta1',
27 silly addNameRange     '1.1.1-beta2',
27 silly addNameRange     '1.1.1-beta3',
27 silly addNameRange     '1.1.1',
27 silly addNameRange     '1.1.3',
27 silly addNameRange     '1.1.4',
27 silly addNameRange     '1.1.5-beta1',
27 silly addNameRange     '1.1.5-beta2',
27 silly addNameRange     '1.1.5-beta3',
27 silly addNameRange     '1.1.5-beta4',
27 silly addNameRange     '1.1.5-beta5',
27 silly addNameRange     '1.1.5',
27 silly addNameRange     '1.1.6',
27 silly addNameRange     '1.1.7-beta1',
27 silly addNameRange     '1.1.7',
27 silly addNameRange     '1.1.8-beta1',
27 silly addNameRange     '1.1.8-beta2',
27 silly addNameRange     '1.1.8-beta3',
27 silly addNameRange     '1.1.8-beta4',
27 silly addNameRange     '1.1.8-beta5',
27 silly addNameRange     '1.1.8',
27 silly addNameRange     '1.1.9-beta1',
27 silly addNameRange     '1.1.9',
27 silly addNameRange     '1.1.10',
27 silly addNameRange     '1.1.11-beta1',
27 silly addNameRange     '1.1.11-beta2',
27 silly addNameRange     '1.1.11',
27 silly addNameRange     '1.1.12-beta1',
27 silly addNameRange     '1.1.12-beta2',
27 silly addNameRange     '1.1.12-beta3',
27 silly addNameRange     '1.1.12',
27 silly addNameRange     '1.1.13',
27 silly addNameRange     '1.1.14-beta1',
27 silly addNameRange     '1.1.14-beta2',
27 silly addNameRange     '1.1.14-beta3',
27 silly addNameRange     '1.2.0-beta1',
27 silly addNameRange     '1.2.0',
27 silly addNameRange     '1.2.1-beta1',
27 silly addNameRange     '1.2.1-beta2',
27 silly addNameRange     '1.2.1-beta3',
27 silly addNameRange     '1.2.1-beta4',
27 silly addNameRange     '1.2.1',
27 silly addNameRange     '1.2.2',
27 silly addNameRange     '1.2.3-beta1',
27 silly addNameRange     '1.2.3-beta2',
27 silly addNameRange     '1.2.3-beta3',
27 silly addNameRange     '1.2.3',
27 silly addNameRange     '1.2.4-beta1',
27 silly addNameRange     '1.2.4-beta2',
27 silly addNameRange     '1.2.4-beta3',
27 silly addNameRange     '1.2.4',
27 silly addNameRange     '1.2.5-beta1',
27 silly addNameRange     '1.2.5-beta2',
27 silly addNameRange     '1.2.5-beta3',
27 silly addNameRange     '1.2.5',
27 silly addNameRange     '1.2.6-beta1',
27 silly addNameRange     '1.2.6-beta2',
27 silly addNameRange     '1.2.6-beta3',
27 silly addNameRange     '1.2.6',
27 silly addNameRange     '1.2.7',
27 silly addNameRange     '1.2.8-beta1',
27 silly addNameRange     '1.2.8-beta2',
27 silly addNameRange     '1.2.8',
27 silly addNameRange     '1.2.9',
27 silly addNameRange     '1.2.10',
27 silly addNameRange     '1.2.11',
27 silly addNameRange     '1.2.12',
27 silly addNameRange     '1.2.13',
27 silly addNameRange     '1.2.14-beta1',
27 silly addNameRange     '1.2.14-beta2',
27 silly addNameRange     '1.2.14-beta3',
27 silly addNameRange     '1.2.14-beta4',
27 silly addNameRange     '1.2.14-beta5',
27 silly addNameRange     '1.2.14-beta6',
27 silly addNameRange     '1.2.14',
27 silly addNameRange     '1.3.0-beta1',
27 silly addNameRange     '1.3.0',
27 silly addNameRange     '1.3.1',
27 silly addNameRange     '1.3.2',
27 silly addNameRange     '1.3.3',
27 silly addNameRange     '1.3.4',
27 silly addNameRange     '1.3.5',
27 silly addNameRange     '1.3.6',
27 silly addNameRange     '1.3.7',
27 silly addNameRange     '1.3.8',
27 silly addNameRange     '1.3.9',
27 silly addNameRange     '1.3.10',
27 silly addNameRange     '1.4.0-alpha.1',
27 silly addNameRange     '1.3.11',
27 silly addNameRange     '1.3.1-1.alpha.0',
27 silly addNameRange     '1.4.0-alpha.2',
27 silly addNameRange     '1.3.12',
27 silly addNameRange     '1.3.12-beta.1',
27 silly addNameRange     '1.3.12-beta.2',
27 silly addNameRange     '1.3.13-beta.0',
27 silly addNameRange     '1.3.1-3.beta.1',
27 silly addNameRange     '1.3.1-3.beta.2',
27 silly addNameRange     '1.3.13',
27 silly addNameRange     '1.3.1-3.beta.4',
27 silly addNameRange     '1.3.14-beta',
27 silly addNameRange     '1.3.14-beta.1',
27 silly addNameRange     '1.4.0-alpha.3',
27 silly addNameRange     '1.3.14',
27 silly addNameRange     '1.4.0-alpha.4',
27 silly addNameRange     '1.4.0-alpha.5',
27 silly addNameRange     '1.3.15-beta.0',
27 silly addNameRange     '1.3.15-beta.1',
27 silly addNameRange     '1.3.15-beta.2',
27 silly addNameRange     '1.3.15-beta.3',
27 silly addNameRange     '1.3.15-beta.4',
27 silly addNameRange     '1.3.15',
27 silly addNameRange     '1.3.16',
27 silly addNameRange     '1.4.0-alpha.6',
27 silly addNameRange     '1.3.17-beta.0',
27 silly addNameRange     '1.3.17-beta.1',
27 silly addNameRange     '1.3.17-beta.2',
27 silly addNameRange     '1.3.17-beta.3',
27 silly addNameRange     '1.3.1-7.beta.4',
27 silly addNameRange     '1.3.17',
27 silly addNameRange     '1.3.18-beta.0',
27 silly addNameRange     '1.3.18-beta.1',
27 silly addNameRange     '1.3.18-beta.2',
27 silly addNameRange     '1.3.18-beta.3',
27 silly addNameRange     '1.3.18',
27 silly addNameRange     '1.3.19-beta.0',
27 silly addNameRange     '1.3.19-beta.1',
27 silly addNameRange     '1.3.19-beta.2',
27 silly addNameRange     '1.3.19-beta.3',
27 silly addNameRange     '1.3.19-beta.4',
27 silly addNameRange     '1.3.19',
27 silly addNameRange     '1.3.20',
27 silly addNameRange     '1.4.1-beta.0',
27 silly addNameRange     '1.4.0-beta.1',
27 silly addNameRange     '1.4.0-beta.2',
27 silly addNameRange     '1.4.0-beta.3',
27 silly addNameRange     '1.4.0-beta.5',
27 silly addNameRange     '1.4.0-beta.6',
27 silly addNameRange     '1.4.0-beta.7',
27 silly addNameRange     '1.3.21-beta.0',
27 silly addNameRange     '1.3.21-beta.1',
27 silly addNameRange     '1.3.21',
27 silly addNameRange     '1.3.22',
27 silly addNameRange     '1.4.0-beta.8',
27 silly addNameRange     '1.4.0-beta.9',
27 silly addNameRange     '1.4.0-beta.10',
27 silly addNameRange     '1.4.0-beta.11',
27 silly addNameRange     '1.4.0-beta.12',
27 silly addNameRange     '1.4.0-beta.13',
27 silly addNameRange     '1.4.0-beta.14',
27 silly addNameRange     '1.4.0-beta.15',
27 silly addNameRange     '1.4.0-beta.16',
27 silly addNameRange     '1.4.0-beta.17',
27 silly addNameRange     '1.4.0-beta.18',
27 silly addNameRange     '1.4.0',
27 silly addNameRange     '1.4.1',
27 silly addNameRange     '1.4.2',
27 silly addNameRange     '1.4.3',
27 silly addNameRange     '1.4.4-beta.0',
27 silly addNameRange     '1.4.4-beta.2',
27 silly addNameRange     '1.4.4',
27 silly addNameRange     '1.4.5-beta.0',
27 silly addNameRange     '1.4.5-beta.1',
27 silly addNameRange     '1.4.5-beta.2',
27 silly addNameRange     '1.4.5-beta.3',
27 silly addNameRange     '1.4.5',
27 silly addNameRange     '1.4.6-beta.0',
27 silly addNameRange     '1.4.6',
27 silly addNameRange     '1.4.7',
27 silly addNameRange     '1.4.8',
27 silly addNameRange     '1.5.0-beta.0',
27 silly addNameRange     '1.5.0-beta.1',
27 silly addNameRange     '1.5.0',
27 silly addNameRange     '1.5.1-beta.0',
27 silly addNameRange     '1.5.1-beta.1',
27 silly addNameRange     '1.5.1-beta.2',
27 silly addNameRange     '1.5.1-beta.3',
27 silly addNameRange     '1.5.1-beta.4',
27 silly addNameRange     '1.5.1',
27 silly addNameRange     '1.5.2',
27 silly addNameRange     '1.5.3',
27 silly addNameRange     '1.5.4',
27 silly addNameRange     '1.5.5',
27 silly addNameRange     '1.6.0-beta.1',
27 silly addNameRange     '1.6.0',
27 silly addNameRange     '1.6.1',
27 silly addNameRange     '1.6.2-beta.0',
27 silly addNameRange     '1.6.2-beta.1',
27 silly addNameRange     '1.6.2-beta.2',
27 silly addNameRange     '1.6.2',
27 silly addNameRange     '1.6.3-beta.0',
27 silly addNameRange     '1.6.3-beta.1',
27 silly addNameRange     '1.6.3',
27 silly addNameRange     '1.6.4-beta.0',
27 silly addNameRange     '1.6.4-beta.1',
27 silly addNameRange     '1.6.4',
27 silly addNameRange     '1.7.0-beta.0',
27 silly addNameRange     '1.7.0-beta.1',
27 silly addNameRange     '1.7.0-beta.2',
27 silly addNameRange     '1.7.0-beta.3',
27 silly addNameRange     '2.0.0-alpha.1',
27 silly addNameRange     '2.0.0-alpha.3',
27 silly addNameRange     '1.7.0-beta.4',
27 silly addNameRange     '1.6.5-testing.0',
27 silly addNameRange     '1.6.5-testing.1',
27 silly addNameRange     '1.6.5-testing.2',
27 silly addNameRange     '1.6.5-testing.3',
27 silly addNameRange     '1.6.5',
27 silly addNameRange     '2.0.0-alpha.4',
27 silly addNameRange     '1.7.0-beta.5',
27 silly addNameRange     '1.7.0-beta.6',
27 silly addNameRange     '1.7.0',
27 silly addNameRange     '2.0.0-alpha.5',
27 silly addNameRange     '2.0.0-alpha.6',
27 silly addNameRange     '1.7.1',
27 silly addNameRange     '2.0.0-alpha.7',
27 silly addNameRange     '2.0.0-alpha.8',
27 silly addNameRange     '1.7.2',
27 silly addNameRange     '1.7.3',
27 silly addNameRange     '1.7.4',
27 silly addNameRange     '1.7.5',
27 silly addNameRange     '1.7.6',
27 silly addNameRange     '1.7.7-beta.0',
27 silly addNameRange     '2.0.0-alpha.9',
27 silly addNameRange     '1.7.7',
27 silly addNameRange     '2.0.0-alpha.10',
27 silly addNameRange     '2.0.0-alpha.11',
27 silly addNameRange     '2.0.0-alpha.12',
27 silly addNameRange     '2.0.0-alpha.13',
27 silly addNameRange     '2.0.0-alpha.14',
27 silly addNameRange     '2.0.0-alpha.15',
27 silly addNameRange     '2.0.0-alpha.16',
27 silly addNameRange     '2.0.0-alpha.17',
27 silly addNameRange     '2.0.0-alpha.18',
27 silly addNameRange     '1.7.8-beta.0',
27 silly addNameRange     '1.7.8-beta.1',
27 silly addNameRange     '1.7.8-beta.2',
27 silly addNameRange     '1.7.8-beta.3',
27 silly addNameRange     '1.7.8',
27 silly addNameRange     '2.0.0-alpha.19',
27 silly addNameRange     '2.0.0-alpha.20',
27 silly addNameRange     '2.0.0-alpha.21',
27 silly addNameRange     '2.0.0-alpha.22',
27 silly addNameRange     '2.0.0-alpha.23',
27 silly addNameRange     '1.7.9',
27 silly addNameRange     '1.7.10',
27 silly addNameRange     '2.0.0-alpha.24',
27 silly addNameRange     '2.0.0-alpha.25',
27 silly addNameRange     '2.0.0-beta.1',
27 silly addNameRange     '1.7.11',
27 silly addNameRange     '2.0.0-beta.2',
27 silly addNameRange     '2.0.0-beta.3',
27 silly addNameRange     '2.0.0-beta.4',
27 silly addNameRange     '2.0.0-beta.5',
27 silly addNameRange     '2.0.0-beta.6',
27 silly addNameRange     '2.0.0-beta.7',
27 silly addNameRange     '2.0.0-beta.8',
27 silly addNameRange     '2.0.0-beta.9',
27 silly addNameRange     '2.0.0-beta.10',
27 silly addNameRange     '2.0.0-beta.11',
27 silly addNameRange     '1.7.12',
27 silly addNameRange     '2.0.0-beta.12',
27 silly addNameRange     '2.0.0-beta.13',
27 silly addNameRange     '2.0.0-beta.14',
27 silly addNameRange     '2.0.0-beta.15',
27 silly addNameRange     '2.0.0-beta.16',
27 silly addNameRange     '2.0.0-beta.17',
27 silly addNameRange     '1.7.13',
27 silly addNameRange     '1.7.14',
27 silly addNameRange     '2.0.0-beta.18',
27 silly addNameRange     '2.0.0-beta.19',
27 silly addNameRange     '2.0.0-beta.20',
27 silly addNameRange     '2.0.0-beta.21',
27 silly addNameRange     '2.0.0-beta.22',
27 silly addNameRange     '2.0.0-beta.23',
27 silly addNameRange     '2.0.0-beta.24',
27 silly addNameRange     '2.0.0-beta.25',
27 silly addNameRange     '1.7.15-beta.0',
27 silly addNameRange     '1.7.15-beta.1',
27 silly addNameRange     '1.7.15-beta.2',
27 silly addNameRange     '1.7.15-beta.3',
27 silly addNameRange     '1.7.15',
27 silly addNameRange     '2.0.0-beta.26',
27 silly addNameRange     '2.0.0-beta.27',
27 silly addNameRange     '2.0.0-beta.28',
27 silly addNameRange     '2.0.0-beta.29',
27 silly addNameRange     '2.0.0-beta.30',
27 silly addNameRange     '2.0.0-beta.31',
27 silly addNameRange     '1.7.16',
27 silly addNameRange     '2.0.0-beta.32',
27 silly addNameRange     '2.0.0-beta.33',
27 silly addNameRange     '2.0.0-beta.34',
27 silly addNameRange     '2.0.0-beta.35',
27 silly addNameRange     '2.0.0-beta.36',
27 silly addNameRange     '2.0.0-beta.37',
27 silly addNameRange     '2.0.0',
27 silly addNameRange     '2.1.0-beta.0',
27 silly addNameRange     '2.1.0-beta.1',
27 silly addNameRange     '2.1.0-beta.2',
27 silly addNameRange     '2.1.0-beta.3',
27 silly addNameRange     '2.1.0',
27 silly addNameRange     '2.1.1',
27 silly addNameRange     '2.1.2',
27 silly addNameRange     '2.1.3',
27 silly addNameRange     '2.1.4',
27 silly addNameRange     '2.1.5',
27 silly addNameRange     '2.1.6',
27 silly addNameRange     '2.1.7',
27 silly addNameRange     '2.1.8',
27 silly addNameRange     '2.1.9',
27 silly addNameRange     '2.1.10',
27 silly addNameRange     '2.1.11',
27 silly addNameRange     '2.1.12',
27 silly addNameRange     '2.1.13',
27 silly addNameRange     '2.1.14',
27 silly addNameRange     '2.1.15',
27 silly addNameRange     '2.1.16',
27 silly addNameRange     '2.1.17',
27 silly addNameRange     '2.1.17-201612131445',
27 silly addNameRange     '2.1.17-201612131736',
27 silly addNameRange     '2.1.17-201612131919',
27 silly addNameRange     '2.1.17-201612191658',
27 silly addNameRange     '2.1.17-201612201942',
27 silly addNameRange     '2.1.17-201612202039',
27 silly addNameRange     '2.1.17-201612220455',
27 silly addNameRange     '2.1.18',
27 silly addNameRange     '2.1.18-201701110338',
27 silly addNameRange     '2.2.0',
27 silly addNameRange     '2.2.1',
27 silly addNameRange     '3.0.0-alpha.12e4141f',
27 silly addNameRange     '3.0.0-alpha.b0ea99a9',
27 silly addNameRange     '3.0.0-alpha.76eb8ad1',
27 silly addNameRange     '3.0.0-alpha.1b3573c8',
27 silly addNameRange     '3.0.0-alpha.63f24da1',
27 silly addNameRange     '3.0.0-alpha.11ae7639',
27 silly addNameRange     '3.0.0-alpha.8875ac08',
27 silly addNameRange     '3.0.0-alpha.c90de7f8',
27 silly addNameRange     '3.0.0-alpha.ddfcd38a',
27 silly addNameRange     '3.0.0-alpha.6a2e9ddb',
27 silly addNameRange     '3.0.0-alpha.139ef8a6',
27 silly addNameRange     '3.0.0-alpha.22dc0bf8',
27 silly addNameRange     '3.0.0-alpha.100',
27 silly addNameRange     '3.0.0-alpha.101',
27 silly addNameRange     '3.0.0-alpha.102',
27 silly addNameRange     '3.0.0-alpha.103',
27 silly addNameRange     '3.0.0-alpha.104',
27 silly addNameRange     '3.0.0-alpha.105',
27 silly addNameRange     '3.0.0-alpha.106',
27 silly addNameRange     '3.0.0-alpha.107',
27 silly addNameRange     '3.0.0-beta.1',
27 silly addNameRange     '3.0.0-beta.2',
27 silly addNameRange     '3.0.0-beta.3',
27 silly addNameRange     '3.0.0-beta.4',
27 silly addNameRange     '3.0.0-beta.5',
27 silly addNameRange     '2.2.2',
27 silly addNameRange     '3.0.0-beta.5-alpha.c9d454fd',
27 silly addNameRange     '3.0.0-beta.6',
27 silly addNameRange     '3.0.0-beta7',
27 silly addNameRange     '3.0.0-beta7-alpha.d32d569c',
27 silly addNameRange     '2.2.3',
27 silly addNameRange     '3.0.0-beta7-alpha.950ade14',
27 silly addNameRange     '3.0.0-beta7-alpha.508ecf09',
27 silly addNameRange     '3.0.0-beta7-alpha.8701e30b',
27 silly addNameRange     '3.0.0-beta7-alpha.9ae0c955',
27 silly addNameRange     '3.0.0-beta7-alpha.696ae026',
27 silly addNameRange     '3.0.0-beta7-alpha.fcb9df21',
27 silly addNameRange     '3.0.0-beta7-alpha.ec7cdd04',
27 silly addNameRange     '3.0.0-beta7-alpha.9e9fa3cd',
27 silly addNameRange     '3.0.0-beta7-alpha.9186169f',
27 silly addNameRange     '3.0.0-beta7-alpha.a436fb3b',
27 silly addNameRange     '3.0.0-beta7-alpha.9a45162d',
27 silly addNameRange     '3.0.0-beta7-alpha.82baf627',
27 silly addNameRange     '3.0.0-beta7-alpha.5db25ede',
27 silly addNameRange     '3.0.0-beta7-alpha.2c85eb7d',
27 silly addNameRange     '3.0.0-beta7-alpha.317a5b89',
27 silly addNameRange     '3.0.0-beta8',
27 silly addNameRange     '3.0.0-beta8-alpha.9279cbab',
27 silly addNameRange     '3.0.0-beta8-alpha.65a481d0',
27 silly addNameRange     '3.0.0-beta8-alpha.161a488d',
27 silly addNameRange     '3.0.0-beta8-alpha.621136f8',
27 silly addNameRange     '3.0.0-beta8-alpha.13802933',
27 silly addNameRange     '3.0.0-beta8-alpha.24407e3a',
27 silly addNameRange     '3.0.0-beta8-alpha.cec30e7d',
27 silly addNameRange     '3.0.0-beta8-alpha.93e26403',
27 silly addNameRange     '3.0.0-beta8-alpha.a824465e',
27 silly addNameRange     '3.0.0-beta8-alpha.1bdfe1b5',
27 silly addNameRange     '3.0.0-beta9',
27 silly addNameRange     '3.0.0-beta9-alpha.cc333d6e',
27 silly addNameRange     '3.0.0-beta9-alpha.c10bff9a',
27 silly addNameRange     '3.0.0-beta9-alpha.9a8116f6',
27 silly addNameRange     '3.0.0-beta9-alpha.5107a661',
27 silly addNameRange     '3.0.0-beta10',
27 silly addNameRange     '3.0.0-beta10-alpha.c521c12e',
27 silly addNameRange     '3.0.0-beta10-alpha.30356571',
27 silly addNameRange     '3.0.0-beta10-alpha.62502c0c',
27 silly addNameRange     '3.0.0-beta10-alpha.fd1544a0',
27 silly addNameRange     '3.0.0-beta10-alpha.f557b556',
27 silly addNameRange     '3.0.0-beta10-alpha.7df862ad',
27 silly addNameRange     '3.0.0-rc.0',
27 silly addNameRange     '3.0.0-rc.0-alpha.1bc04186',
27 silly addNameRange     '3.0.0-rc.0-alpha.b7f97e5d',
27 silly addNameRange     '3.0.0-rc.0-alpha.5262b4d9',
27 silly addNameRange     '3.0.0-rc.0-alpha.9f2c9fb4',
27 silly addNameRange     '3.0.0-rc.0-alpha.80160283',
27 silly addNameRange     '3.0.0-rc.0-alpha.50bdcf62',
27 silly addNameRange     '3.0.0-rc.0-alpha.3155e3f1',
27 silly addNameRange     '3.0.0-rc.0-alpha.cf4a4a07',
27 silly addNameRange     '3.0.0-rc.0-alpha.b8fd4002',
27 silly addNameRange     '3.0.0-rc.0-alpha.9201f531',
27 silly addNameRange     '3.0.0-rc.0-alpha.deb53b99',
27 silly addNameRange     '3.0.0-rc.0-alpha.8595235d',
27 silly addNameRange     '3.0.0-rc.0-alpha.9763c377',
27 silly addNameRange     '3.0.0-rc.0-alpha.f61f7c3e',
27 silly addNameRange     '3.0.0-rc.1',
27 silly addNameRange     '3.0.0-rc.1-alpha.b5a79be6',
27 silly addNameRange     '3.0.0-rc.1-alpha.2d3be68b',
27 silly addNameRange     '3.0.0-rc.1-alpha.93226be6',
27 silly addNameRange     '3.0.0-rc.1-alpha.f2507505',
27 silly addNameRange     '3.0.0-rc.1-alpha.2bb303a6',
27 silly addNameRange     '3.0.0-rc.1-alpha.7c322585',
27 silly addNameRange     '3.0.0-rc.1-alpha.73405c8f',
27 silly addNameRange     '3.0.0-rc.1-alpha.267ff06e',
27 silly addNameRange     '3.0.0-rc.1-alpha.66f7a07d',
27 silly addNameRange     '3.0.0-rc.1-alpha.62022768',
27 silly addNameRange     '3.0.0-rc.1-alpha.4e9bd53a',
27 silly addNameRange     '3.0.0-rc.1-alpha.f73920b9',
27 silly addNameRange     '3.0.0-rc.1-alpha.42f83eca',
27 silly addNameRange     '3.0.0-rc.1-alpha.9a1af396',
27 silly addNameRange     '3.0.0-rc.2',
27 silly addNameRange     '3.0.0-rc.2-alpha.f5850eb3',
27 silly addNameRange     '3.0.0-rc.2-alpha.db56afb0',
27 silly addNameRange     '3.0.0-rc.2-alpha.9bcb09b3',
27 silly addNameRange     '3.0.0-rc.2-alpha.dec1e86f',
27 silly addNameRange     '3.0.0-rc.2-alpha.7870209c',
27 silly addNameRange     '3.0.0-rc.2-alpha.ed9d2b16',
27 silly addNameRange     '3.0.0-rc.2-alpha.dfaa6be0',
27 silly addNameRange     '3.0.0',
27 silly addNameRange     '3.0.0-alpha.3307486d',
27 silly addNameRange     '3.0.0-alpha.88f599cb',
27 silly addNameRange     '3.0.0-alpha.04749d5e',
27 silly addNameRange     '3.0.0-alpha.a7fb5aee',
27 silly addNameRange     '3.0.0-alpha.cd529fae',
27 silly addNameRange     '3.0.0-alpha.1897baa2',
27 silly addNameRange     '3.0.0-alpha.be5e9db9',
27 silly addNameRange     '3.0.0-alpha.0ac81249',
27 silly addNameRange     '3.0.0-alpha.bd26a5a5',
27 silly addNameRange     '3.0.0-alpha.256503ea',
27 silly addNameRange     '3.0.0-alpha.1559049c',
27 silly addNameRange     '3.0.0-alpha.8fcb0a8d',
27 silly addNameRange     '3.0.0-alpha.78b33db6',
27 silly addNameRange     '3.0.0-alpha.c8f4e7e8',
27 silly addNameRange     '3.0.0-alpha.54936cde',
27 silly addNameRange     '3.0.0-alpha.f02f7234',
27 silly addNameRange     '3.0.0-alpha.7cf891bc',
27 silly addNameRange     '3.0.0-alpha.f2ecbc05',
27 silly addNameRange     '3.0.0-alpha.9fdbda6b',
27 silly addNameRange     '3.0.0-alpha.2cc25b1f',
27 silly addNameRange     '3.0.0-alpha.001e53a0',
27 silly addNameRange     '3.0.0-alpha.3bea5304',
27 silly addNameRange     '3.0.0-alpha.84cfb4e9',
27 silly addNameRange     '3.0.0-alpha.6335afd8',
27 silly addNameRange     '3.0.0-alpha.be89cb1a',
27 silly addNameRange     '3.0.0-alpha.5178832e',
27 silly addNameRange     '3.0.0-alpha.74f2f69e',
27 silly addNameRange     '3.0.0-alpha.df127ee9',
27 silly addNameRange     '3.0.0-alpha.b1b757b3',
27 silly addNameRange     '3.0.0-alpha.7cc2e042',
27 silly addNameRange     '3.1.0',
27 silly addNameRange     '3.1.0-alpha.728d8915',
27 silly addNameRange     '3.1.0-alpha.f29cc510',
27 silly addNameRange     '3.1.1',
27 silly addNameRange     '3.1.1-alpha.a12a4ea0',
27 silly addNameRange     '3.1.1-alpha.a2de9837',
27 silly addNameRange     '3.1.2',
27 silly addNameRange     '3.1.2-alpha.89f6a886',
27 silly addNameRange     '3.1.2-alpha.86d8c9ab',
27 silly addNameRange     '3.1.2-alpha.474b2964',
27 silly addNameRange     '3.1.2-alpha.1966a0cd',
27 silly addNameRange     '3.1.2-alpha.2f78a2ac',
27 silly addNameRange     '3.1.2-alpha.df0500d8',
27 silly addNameRange     '3.1.2-alpha.e35b6c7a',
27 silly addNameRange     '3.1.2-alpha.aaa8e51f',
27 silly addNameRange     '3.1.2-alpha.d8d26e46',
27 silly addNameRange     '3.1.2-alpha.e8a42459',
27 silly addNameRange     '3.1.2-alpha.0fbfccd4',
27 silly addNameRange     '3.1.2-alpha.8677e8ff',
27 silly addNameRange     '3.1.2-alpha.5755ae61',
27 silly addNameRange     '3.1.2-alpha.7637b63f',
27 silly addNameRange     '3.1.2-alpha.27aebcae',
27 silly addNameRange     '3.1.2-alpha.a620a741',
27 silly addNameRange     '3.1.2-alpha.aaed58fe',
27 silly addNameRange     '3.1.2-alpha.5d984bd3',
27 silly addNameRange     '3.1.2-alpha.cd32bdfa',
27 silly addNameRange     '3.1.2-alpha.fbcfc761',
27 silly addNameRange     '3.1.2-alpha.09e7ba0c',
27 silly addNameRange     '3.1.2-alpha.221702c3',
27 silly addNameRange     '3.1.2-alpha.e8a48ef8',
27 silly addNameRange     '3.1.2-alpha.7f218f1e',
27 silly addNameRange     '3.1.2-alpha.8573ff20',
27 silly addNameRange     '3.2.0',
27 silly addNameRange     '3.2.0-alpha.e4848b45',
27 silly addNameRange     '3.2.0-alpha.94db9255',
27 silly addNameRange     '3.2.0-alpha.4aa54028',
27 silly addNameRange     '3.2.0-alpha.f2cd537a',
27 silly addNameRange     '3.2.0-alpha.771a2424',
27 silly addNameRange     '3.2.0-alpha.cb43ec30',
27 silly addNameRange     '3.2.0-alpha.a7d3454e',
27 silly addNameRange     '3.2.0-alpha.55004475',
27 silly addNameRange     '3.2.0-alpha.1191cde4',
27 silly addNameRange     '3.2.0-alpha.256f5327',
27 silly addNameRange     '3.2.0-alpha.6473815d',
27 silly addNameRange     '3.2.0-alpha.4a752559',
27 silly addNameRange     '3.2.0-alpha.b543ac49',
27 silly addNameRange     '3.2.0-alpha.c4eedf56',
27 silly addNameRange     '3.2.0-alpha.85528262',
27 silly addNameRange     '3.3.0',
27 silly addNameRange     '3.3.0-alpha.4be0cd6a',
27 silly addNameRange     '3.3.0-alpha.e4917330',
27 silly addNameRange     '3.3.0-alpha.3a135e99',
27 silly addNameRange     '3.3.0-alpha.0817eb1b',
27 silly addNameRange     '3.3.0-alpha.02b6c45f',
27 silly addNameRange     '3.3.0-alpha.88789d8d',
27 silly addNameRange     '3.3.0-alpha.11a38467',
27 silly addNameRange     '3.3.0-alpha.fe2fd11c',
27 silly addNameRange     '3.3.0-alpha.6953e719',
27 silly addNameRange     '3.3.0-alpha.c0a4f220',
27 silly addNameRange     '3.3.0-alpha.5b52d01c',
27 silly addNameRange     '3.3.0-alpha.e34fc346',
27 silly addNameRange     '3.3.0-alpha.0fdbae8c',
27 silly addNameRange     '3.3.0-alpha.e3378136',
27 silly addNameRange     '3.3.0-alpha.ba34a861',
27 silly addNameRange     '3.3.0-alpha.1060df23',
27 silly addNameRange     '3.4.0',
27 silly addNameRange     '3.4.0-alpha.46cae538',
27 silly addNameRange     '3.4.0-alpha.ce6c1296',
27 silly addNameRange     '3.4.0-alpha.9e3fee08',
27 silly addNameRange     '3.4.0-alpha.2e48420c',
27 silly addNameRange     '3.4.0-alpha.81a18efb',
27 silly addNameRange     '3.4.0-alpha.158bdbaa',
27 silly addNameRange     '3.4.0-alpha.e838a5d7',
27 silly addNameRange     '3.5.0-alpha.9f3b5763',
27 silly addNameRange     '3.5.0-alpha.584ae753',
27 silly addNameRange     '3.5.0-alpha.965af07a',
27 silly addNameRange     '3.5.0',
27 silly addNameRange     '3.6.0-alpha.7154d42e',
27 silly addNameRange     '3.6.0-alpha.c502e94c',
27 silly addNameRange     '3.6.0-alpha.18371e18',
27 silly addNameRange     '3.6.0-alpha.6bff50a2',
27 silly addNameRange     '3.6.0-alpha.b9b49059',
27 silly addNameRange     '3.6.0-alpha.b11499dc',
27 silly addNameRange     '3.6.0-pro.531f60a1',
27 silly addNameRange     '3.6.0-alpha.1b7049bb',
27 silly addNameRange     '3.6.0-pro.4b58f416',
27 silly addNameRange     '3.6.0-alpha.5dcf250b',
27 silly addNameRange     '3.6.0-alpha.37170327',
27 silly addNameRange     '3.6.0-alpha.868bd4cc',
27 silly addNameRange     '3.6.0-alpha.5e63bb44',
27 silly addNameRange     '3.6.0-alpha.243f20d0',
27 silly addNameRange     '3.6.0-daemon.e17209b2',
27 silly addNameRange     '3.6.0-daemon.772b0a37',
27 silly addNameRange     '3.6.0-pro.7639fbf7',
27 silly addNameRange     '3.6.0-pro.7bb2aa94',
27 silly addNameRange     '3.6.0-pro.e0ab64f9',
27 silly addNameRange     '3.6.0-pro.f7ffd63d',
27 silly addNameRange     '3.6.0-pro.3b5f5874',
27 silly addNameRange     '3.6.0-pro.29f9aa31',
27 silly addNameRange     '3.6.0-pro.f3419325',
27 silly addNameRange     '3.6.0-pro.adbed8fc',
27 silly addNameRange     '3.6.0-pro.60271e5b',
27 silly addNameRange     '3.6.0-pro.051ef140',
27 silly addNameRange     '3.6.0-pro.733aa2e2',
27 silly addNameRange     '3.6.0-pro.04a72b8e',
27 silly addNameRange     '3.6.0-pro.6a81a551',
27 silly addNameRange     '3.6.0-pro.dfbcbea9',
27 silly addNameRange     '3.6.0-pro.38c4520b',
27 silly addNameRange     '3.6.0-pro.b1f2a52c',
27 silly addNameRange     '3.6.0-pro.c732e5f4',
27 silly addNameRange     '3.6.0-alpha.36dc2f70',
27 silly addNameRange     '3.6.0-alpha.d4537e5d',
27 silly addNameRange     '3.6.0-alpha.27cdcfd6',
27 silly addNameRange     '3.6.0-alpha.2098819c',
27 silly addNameRange     '3.6.0-alpha.a562b3c7',
27 silly addNameRange     '3.6.0-alpha.b9074460',
27 silly addNameRange     '3.6.0-alpha.22543634',
27 silly addNameRange     '3.6.0-alpha.1a24f237',
27 silly addNameRange     '3.6.0-alpha.97b1db8f',
27 silly addNameRange     '3.6.0-alpha.205dd9c3',
27 silly addNameRange     '3.6.0-alpha.07d2c7f5',
27 silly addNameRange     '3.6.0-alpha.bfa36021',
27 silly addNameRange     '3.6.0-alpha.327baed6',
27 silly addNameRange     '3.6.0-alpha.17d60bac',
27 silly addNameRange     '3.6.0-alpha.8c718a65',
27 silly addNameRange     '3.6.0-alpha.4323e35f',
27 silly addNameRange     '3.6.0',
27 silly addNameRange     '3.7.0-alpha.33309f58',
27 silly addNameRange     '3.7.0-alpha.3adfcb63',
27 silly addNameRange     '3.7.0-alpha.34095a41',
27 silly addNameRange     '3.7.0-alpha.f8c9ca50',
27 silly addNameRange     '3.7.0-alpha.1f885fa6',
27 silly addNameRange     '3.7.0-alpha.3abb0d6b',
27 silly addNameRange     '3.7.0-alpha.b36edaa4',
27 silly addNameRange     '3.7.0-alpha.a6a804c4',
27 silly addNameRange     '3.7.0-alpha.e8a74d07',
27 silly addNameRange     '3.7.0-alpha.99e29f1f',
27 silly addNameRange     '3.7.0-alpha.93bbc88d',
27 silly addNameRange     '3.7.0-alpha.b8ec8eca',
27 silly addNameRange     '3.7.0-alpha.dd5445cc',
27 silly addNameRange     '3.7.0-alpha.ecd2eb87',
27 silly addNameRange     '3.7.0',
27 silly addNameRange     '3.8.0-alpha.2d87e649',
27 silly addNameRange     '3.8.0-alpha.35fa3b5c',
27 silly addNameRange     '3.8.0-alpha.8967c501',
27 silly addNameRange     '3.8.0-alpha.e0467336',
27 silly addNameRange     '3.8.0-alpha.d695c89f',
27 silly addNameRange     '3.8.0-alpha.ce14ec7c',
27 silly addNameRange     '3.8.0-testing.f84938cc',
27 silly addNameRange     '3.8.0-testing.fc57fc77',
27 silly addNameRange     '3.8.0-alpha.93effbfa',
27 silly addNameRange     '3.8.0-testing.bc580410',
27 silly addNameRange     '3.8.0-testing.15a83d68',
27 silly addNameRange     '3.8.0-alpha.1d0f21c3',
27 silly addNameRange     '3.8.0-alpha.de55fb7b',
27 silly addNameRange     '3.8.0-alpha.bfc843c8',
27 silly addNameRange     '3.8.0-alpha.9f740e0e',
27 silly addNameRange     '3.8.0-alpha.a2020412',
27 silly addNameRange     '3.8.0-alpha.7eb58ee5',
27 silly addNameRange     '3.8.0-alpha.c09792cc',
27 silly addNameRange     '3.8.0-alpha.053e614f',
27 silly addNameRange     '3.8.0-alpha.5e7466fa',
27 silly addNameRange     '3.8.0-alpha.36757456',
27 silly addNameRange     '3.8.0-alpha.3dca7af1',
27 silly addNameRange     '3.8.0-alpha.f2b7650a',
27 silly addNameRange     '3.8.0-alpha.02f2574d',
27 silly addNameRange     '3.8.0-alpha.d7fe31df',
27 silly addNameRange     '3.8.0-alpha.89853cad',
27 silly addNameRange     '3.8.0-alpha.4eeea0a7',
27 silly addNameRange     '3.8.0-alpha.d89ac098',
27 silly addNameRange     '3.8.0-alpha.27a0c171',
27 silly addNameRange     '3.8.0',
27 silly addNameRange     '3.9.0-alpha.25631718',
27 silly addNameRange     '3.9.0-alpha.5664a3bd',
27 silly addNameRange     '3.9.0-alpha.f08f22b9',
27 silly addNameRange     '3.8.1',
27 silly addNameRange     '3.9.0-alpha.0af0a057',
27 silly addNameRange     '3.9.0-alpha.80ac51c3',
27 silly addNameRange     '3.9.0-alpha.0a5ce809',
27 silly addNameRange     '3.9.0-alpha.f7a37c36',
27 silly addNameRange     '3.9.0',
27 silly addNameRange     '3.10.0-alpha.e70e024b',
27 silly addNameRange     '3.10.0-alpha.7f8ffc11',
27 silly addNameRange     '3.10.0-alpha.14c36137',
27 silly addNameRange     '3.10.0-alpha.ea07da95',
27 silly addNameRange     '3.10.0-alpha.e32f9c1b',
27 silly addNameRange     '3.9.1',
27 silly addNameRange     '3.10.0-alpha.168597f1',
27 silly addNameRange     '3.10.0-alpha.5377f7ea',
27 silly addNameRange     '3.10.0-alpha.37f9c5a6',
27 silly addNameRange     '3.9.2',
27 silly addNameRange     '3.10.0-alpha.e130da17',
27 silly addNameRange     '3.10.0-alpha.3a447a5e',
27 silly addNameRange     '3.10.0-alpha.ca6e0ef3',
27 silly addNameRange     '3.10.0-alpha.69661358',
27 silly addNameRange     '3.10.0-alpha.91c1be14',
27 silly addNameRange     '3.10.0-alpha.706680d5',
27 silly addNameRange     '3.10.0-alpha.b9cee01b',
27 silly addNameRange     '3.10.0-alpha.47286cb5',
27 silly addNameRange     '3.10.0-alpha.c8b4d11f',
27 silly addNameRange     '3.10.0-alpha.5763a38f',
27 silly addNameRange     '3.10.0-alpha.ae1f7f12',
27 silly addNameRange     '3.10.0-alpha.967da6cf',
27 silly addNameRange     '3.10.0-alpha.e4c91ce1',
27 silly addNameRange     '3.10.0-alpha.0b92c514',
27 silly addNameRange     '3.10.0-alpha.231710ec',
27 silly addNameRange     '3.10.0-alpha.c0696f37',
27 silly addNameRange     '3.10.0-alpha.50a8923a',
27 silly addNameRange     '3.10.0-alpha.b34c24dc' ] ]
28 silly addNamed ionic@3.9.2
29 verbose addNamed "3.9.2" is a plain semver version for ionic
30 silly mapToRegistry name ionic
31 silly mapToRegistry using default registry
32 silly mapToRegistry registry https://registry.npmjs.org/
33 silly mapToRegistry uri https://registry.npmjs.org/ionic
34 verbose addRemoteTarball https://registry.npmjs.org/ionic/-/ionic-3.9.2.tgz not in flight; adding
35 verbose addRemoteTarball [ 'https://registry.npmjs.org/ionic/-/ionic-3.9.2.tgz',
35 verbose addRemoteTarball   'd958069ce29d9dbb8b9c1638b59995ce005ce845' ]
36 info retry fetch attempt 1 at 10:43:28 PM
37 info attempt registry request try #1 at 10:43:28 PM
38 http fetch GET https://registry.npmjs.org/ionic/-/ionic-3.9.2.tgz
39 http fetch 200 https://registry.npmjs.org/ionic/-/ionic-3.9.2.tgz
40 silly fetchAndShaCheck shasum d958069ce29d9dbb8b9c1638b59995ce005ce845
41 verbose addTmpTarball /var/folders/x7/hhkspwm95vb2l3f3djqfym00000121/T/npm-7712-efe4c788/registry.npmjs.org/ionic/-/ionic-3.9.2.tgz not in flight; adding
42 verbose addTmpTarball already have metadata; skipping unpack for ionic@3.9.2
43 silly cache afterAdd ionic@3.9.2
44 verbose afterAdd /Users/vkerk141/.npm/ionic/3.9.2/package/package.json not in flight; writing
45 verbose afterAdd /Users/vkerk141/.npm/ionic/3.9.2/package/package.json written
46 silly install resolved [ { name: 'ionic',
46 silly install resolved     version: '3.9.2',
46 silly install resolved     description: 'A tool for creating and developing Ionic Framework mobile apps.',
46 silly install resolved     homepage: 'http://ionicframework.com/',
46 silly install resolved     author:
46 silly install resolved      { name: 'Ionic Team',
46 silly install resolved        email: 'hi@ionic.io',
46 silly install resolved        url: 'http://ionic.io' },
46 silly install resolved     bin: { ionic: './bin/ionic' },
46 silly install resolved     engines: { node: '>=6.4.0' },
46 silly install resolved     main: './dist/index.js',
46 silly install resolved     types: './dist/index.d.ts',
46 silly install resolved     scripts:
46 silly install resolved      { clean: 'rm -rf ./dist',
46 silly install resolved        lint: 'tslint --config ../../tslint.js --project tsconfig.json --type-check',
46 silly install resolved        build: 'npm run clean && tsc',
46 silly install resolved        watch: 'tsc -w',
46 silly install resolved        test: 'jest',
46 silly install resolved        prepublishOnly: 'npm run build' },
46 silly install resolved     files: [ 'bin/', 'dist/' ],
46 silly install resolved     keywords:
46 silly install resolved      [ 'ionic',
46 silly install resolved        'ionic framework',
46 silly install resolved        'ionicframework',
46 silly install resolved        'mobile',
46 silly install resolved        'app',
46 silly install resolved        'hybrid',
46 silly install resolved        'cordova',
46 silly install resolved        'native',
46 silly install resolved        'phonegap' ],
46 silly install resolved     repository:
46 silly install resolved      { type: 'git',
46 silly install resolved        url: 'git+https://github.com/ionic-team/ionic-cli.git' },
46 silly install resolved     bugs: { url: 'https://github.com/ionic-team/ionic-cli/issues' },
46 silly install resolved     license: 'MIT',
46 silly install resolved     dependencies:
46 silly install resolved      { '@ionic/cli-utils': '1.9.2',
46 silly install resolved        chalk: '^2.0.0',
46 silly install resolved        opn: '^5.1.0',
46 silly install resolved        'os-name': '^2.0.1',
46 silly install resolved        rimraf: '^2.6.1',
46 silly install resolved        semver: '^5.3.0',
46 silly install resolved        tslib: '^1.7.1' },
46 silly install resolved     devDependencies:
46 silly install resolved      { '@ionic/cli-scripts': '0.3.3',
46 silly install resolved        '@types/chalk': '^0.4.31',
46 silly install resolved        '@types/opn': '^3.0.28',
46 silly install resolved        '@types/rimraf': '0.0.28' },
46 silly install resolved     jest:
46 silly install resolved      { moduleFileExtensions: [Object],
46 silly install resolved        transform: [Object],
46 silly install resolved        testRegex: '/__tests__/.*\\.(ts|js)$' },
46 silly install resolved     _id: 'ionic@3.9.2',
46 silly install resolved     _npmVersion: '5.3.0',
46 silly install resolved     _nodeVersion: '8.3.0',
46 silly install resolved     _npmUser: { name: 'dwieeb', email: 'dwieeb@gmail.com' },
46 silly install resolved     dist:
46 silly install resolved      { integrity: 'sha512-jAz0wMnB+ojZbiwL2HC4x+s9yyvh+vyqYbXtT6rMVwVpy+uO0Y5uiHKmSb4ekTDzxdqHrc5GENa1AGJOxS1XGg==',
46 silly install resolved        shasum: 'd958069ce29d9dbb8b9c1638b59995ce005ce845',
46 silly install resolved        tarball: 'https://registry.npmjs.org/ionic/-/ionic-3.9.2.tgz' },
46 silly install resolved     maintainers: [ [Object], [Object], [Object], [Object], [Object], [Object] ],
46 silly install resolved     _npmOperationalInternal:
46 silly install resolved      { host: 's3://npm-registry-packages',
46 silly install resolved        tmp: 'tmp/ionic-3.9.2.tgz_1502993237092_0.5770838737953454' },
46 silly install resolved     directories: {},
46 silly install resolved     _shasum: 'd958069ce29d9dbb8b9c1638b59995ce005ce845',
46 silly install resolved     _resolved: 'https://registry.npmjs.org/ionic/-/ionic-3.9.2.tgz',
46 silly install resolved     _from: 'ionic@*' } ]
47 info install ionic@3.9.2 into /usr/local/lib
48 info installOne ionic@3.9.2
49 verbose installOne of ionic to /usr/local/lib not in flight; installing
50 verbose lock using /Users/vkerk141/.npm/_locks/ionic-61c0cd50dc7a1457.lock for /usr/local/lib/node_modules/ionic
51 warn engine ionic@3.9.2: wanted: {"node":">=6.4.0"} (current: {"node":"0.12.0","npm":"2.11.2"})
52 silly install write writing ionic 3.9.2 to /usr/local/lib/node_modules/ionic
53 verbose unbuild lib/node_modules/ionic
54 info preuninstall ionic@1.6.4
55 info uninstall ionic@1.6.4
56 verbose unbuild rmStuff ionic@1.6.4 from /usr/local/lib/node_modules
57 silly gentlyRm /usr/local/bin/ionic is being gently removed
58 silly gentlyRm verifying /usr/local is an npm working directory
59 silly gentlyRm containing path /usr/local is under npm's control, in /usr/local
60 silly gentlyRm deletion target /usr/local/bin/ionic is under /usr/local
61 verbose gentlyRm vacuuming from /usr/local/bin/ionic up to /usr/local
62 silly vacuum-fs removing /usr/local/bin/ionic
63 verbose unlock done using /Users/vkerk141/.npm/_locks/ionic-61c0cd50dc7a1457.lock for /usr/local/lib/node_modules/ionic
64 verbose stack Error: EACCES, unlink '/usr/local/bin/ionic'
64 verbose stack     at Error (native)
65 verbose cwd /Users/vkerk141/Documents/attainx
66 error Darwin 15.6.0
67 error argv "node" "/usr/local/bin/npm" "install" "-g" "ionic"
68 error node v0.12.0
69 error npm  v2.11.2
70 error path /usr/local/bin/ionic
71 error code EACCES
72 error errno -13
73 error Error: EACCES, unlink '/usr/local/bin/ionic'
73 error     at Error (native)
73 error  { [Error: EACCES, unlink '/usr/local/bin/ionic'] errno: -13, code: 'EACCES', path: '/usr/local/bin/ionic' }
74 error Please try running this command again as root/Administrator.
75 verbose exit [ -13, true ]
76 verbose unbuild lib/node_modules/ionic
77 info preuninstall ionic@1.6.4
78 info uninstall ionic@1.6.4
79 verbose unbuild rmStuff ionic@1.6.4 from /usr/local/lib/node_modules
80 silly gentlyRm /usr/local/bin/ionic is being gently removed
81 silly gentlyRm verifying /usr/local is an npm working directory
82 silly gentlyRm containing path /usr/local is under npm's control, in /usr/local
83 silly gentlyRm deletion target /usr/local/bin/ionic is under /usr/local
84 verbose gentlyRm vacuuming from /usr/local/bin/ionic up to /usr/local
85 silly vacuum-fs removing /usr/local/bin/ionic
86 error error rolling back Error: EACCES, unlink '/usr/local/bin/ionic'
86 error error rolling back     at Error (native)
86 error error rolling back  { [Error: EACCES, unlink '/usr/local/bin/ionic'] errno: -13, code: 'EACCES', path: '/usr/local/bin/ionic' }
